<?xml version="1.0" encoding="UTF-8"?>
<coverage generated="1658419125252" clover="3.2.0">
  <project timestamp="1658419125252" name="All files">
    <metrics statements="12" coveredstatements="12" conditionals="0" coveredconditionals="0" methods="5" coveredmethods="5" elements="17" coveredelements="17" complexity="0" loc="12" ncloc="12" packages="2" files="4" classes="4"/>
    <package name="components">
      <metrics statements="7" coveredstatements="7" conditionals="0" coveredconditionals="0" methods="4" coveredmethods="4"/>
      <file name="ActionButton.vue" path="E:\WORKSPACE\Workspace_Vue\job-search\src\components\ActionButton.vue">
        <metrics statements="3" coveredstatements="3" conditionals="0" coveredconditionals="0" methods="2" coveredmethods="2"/>
        <line num="9" count="2" type="stmt"/>
        <line num="21" count="7" type="stmt"/>
        <line num="27" count="2" type="stmt"/>
      </file>
      <file name="ProfileImage.vue" path="E:\WORKSPACE\Workspace_Vue\job-search\src\components\ProfileImage.vue">
        <metrics statements="2" coveredstatements="2" conditionals="0" coveredconditionals="0" methods="1" coveredmethods="1"/>
        <line num="10" count="2" type="stmt"/>
        <line num="13" count="1" type="stmt"/>
      </file>
      <file name="Subnav.vue" path="E:\WORKSPACE\Workspace_Vue\job-search\src\components\Subnav.vue">
        <metrics statements="2" coveredstatements="2" conditionals="0" coveredconditionals="0" methods="1" coveredmethods="1"/>
        <line num="13" count="2" type="stmt"/>
        <line num="16" count="2" type="stmt"/>
      </file>
    </package>
    <package name="utils">
      <metrics statements="5" coveredstatements="5" conditionals="0" coveredconditionals="0" methods="1" coveredmethods="1"/>
      <file name="nextElementsInList.js" path="E:\WORKSPACE\Workspace_Vue\job-search\src\utils\nextElementsInList.js">
        <metrics statements="5" coveredstatements="5" conditionals="0" coveredconditionals="0" methods="1" coveredmethods="1"/>
        <line num="1" count="2" type="stmt"/>
        <line num="2" count="4" type="stmt"/>
        <line num="3" count="4" type="stmt"/>
        <line num="4" count="4" type="stmt"/>
        <line num="5" count="4" type="stmt"/>
      </file>
    </package>
  </project>
</coverage>
