{"E:\\WORKSPACE\\Workspace_Vue\\job-search\\src\\components\\ActionButton.vue": {"path":"E:\\WORKSPACE\\Workspace_Vue\\job-search\\src\\components\\ActionButton.vue","statementMap":{"0":{"start":{"line":9,"column":15},"end":{"line":9,"column":null}},"1":{"start":{"line":14,"column":6},"end":{"line":14,"column":13}}},"fnMap":{"0":{"name":"(anonymous_0)","decl":{"start":{"line":13,"column":4},"end":{"line":13,"column":15}},"loc":{"start":{"line":13,"column":18},"end":{"line":17,"column":null}}}},"branchMap":{},"s":{"0":1,"1":1},"f":{"0":1},"b":{}}
}
